<?xml version="1.0" encoding="UTF-8"?>
<testng-results ignored="0" total="1" passed="1" failed="0" skipped="0">
  <reporter-output>
  </reporter-output>
  <suite started-at="2023-04-27T12:20:34 IST" name="Suite" finished-at="2023-04-27T12:20:59 IST" duration-ms="24503">
    <groups>
    </groups>
    <test started-at="2023-04-27T12:20:34 IST" name="Test" finished-at="2023-04-27T12:20:59 IST" duration-ms="24503">
      <class name="testscript.Login_script">
        <test-method is-config="true" signature="openApp()[pri:0, instance:testscript.Login_script@693fe6c9]" started-at="2023-04-27T12:20:34 IST" name="openApp" finished-at="2023-04-27T12:20:52 IST" duration-ms="18031" status="PASS">
          <reporter-output>
          </reporter-output>
        </test-method> <!-- openApp -->
        <test-method signature="test1()[pri:0, instance:testscript.Login_script@693fe6c9]" started-at="2023-04-27T12:20:52 IST" name="test1" finished-at="2023-04-27T12:20:58 IST" duration-ms="5605" status="PASS">
          <reporter-output>
          </reporter-output>
        </test-method> <!-- test1 -->
        <test-method is-config="true" signature="closeApp()[pri:0, instance:testscript.Login_script@693fe6c9]" started-at="2023-04-27T12:20:58 IST" name="closeApp" finished-at="2023-04-27T12:20:59 IST" duration-ms="821" status="PASS">
          <reporter-output>
          </reporter-output>
        </test-method> <!-- closeApp -->
      </class> <!-- testscript.Login_script -->
    </test> <!-- Test -->
  </suite> <!-- Suite -->
</testng-results>
